<?xml version="1.0" encoding="UTF-8"?>
<testsuites name="TS_login_testops" time="93.376" tests="1" failures="1" errors="0">
   <testsuite name="TS_login_testops" tests="1" failures="1" errors="0" time="93.376" skipped="0" timestamp="05-03-2024T10:14:48" hostname="1878 - 192.168.255.6" id="Test Suites/TS_login_testops">
      <properties>
         <property name="deviceName" value=""/>
         <property name="devicePlatform" value=""/>
         <property name="logFolder" value="C:\\Users\\1878\\OneDrive\\Desktop\\LIST PROJECT KATALON\\Project_IDX\\idx_web\\idx_prj_web\\Reports\\20240305_101240\\TS_login_testops\\20240305_101441"/>
         <property name="logFiles" value="C:\\Users\\1878\\OneDrive\\Desktop\\LIST PROJECT KATALON\\Project_IDX\\idx_web\\idx_prj_web\\Reports\\20240305_101240\\TS_login_testops\\20240305_101441\\execution0.log"/>
         <property name="attachments" value="C:\\Users\\1878\\OneDrive\\Desktop\\LIST PROJECT KATALON\\Project_IDX\\idx_web\\idx_prj_web\\Reports\\20240305_101240\\TS_login_testops\\20240305_101441\\1709608582016.png"/>
         <property name="hostName" value="1878 - 192.168.255.6"/>
         <property name="os" value="Windows 11 64bit"/>
         <property name="katalonVersion" value="9.3.0.212"/>
         <property name="browser" value="Chrome 122.0.6261.70"/>
         <property name="hostAddress" value="192.168.255.6"/>
         <property name="sessionId" value="5d4439493bf695b2bab7f98e85925e5d"/>
         <property name="seleniumVersion" value="3.141.59"/>
         <property name="proxyInformation" value="ProxyInformation { proxyOption=NO_PROXY, proxyServerType=HTTP, username=, password=********, proxyServerAddress=, proxyServerPort=0, executionList=&quot;&quot;, isApplyToDesiredCapabilities=true }"/>
         <property name="platform" value="Windows 11"/>
      </properties>
      <testcase name="Test Cases/Login testops" time="93.14" classname="Test Cases/Login testops" status="FAILED">
         <failure type="FAILED" message="Test Cases/Login testops FAILED.&#xa;Reason:&#xa;com.kms.katalon.core.exception.StepFailedException: Unable to click on object 'Object Repository/Page_Sign in  Katalon Software Quality Mana_cfddb7/input_Log in with email_login'&#xa;	at com.kms.katalon.core.webui.keyword.internal.WebUIKeywordMain.stepFailed(WebUIKeywordMain.groovy:64)&#xa;	at com.kms.katalon.core.webui.keyword.internal.WebUIKeywordMain.runKeyword(WebUIKeywordMain.groovy:26)&#xa;	at com.kms.katalon.core.webui.keyword.builtin.ClickKeyword.click(ClickKeyword.groovy:74)&#xa;	at com.kms.katalon.core.webui.keyword.builtin.ClickKeyword.execute(ClickKeyword.groovy:40)&#xa;	at com.kms.katalon.core.keyword.internal.KeywordExecutor.executeKeywordForPlatform(KeywordExecutor.groovy:74)&#xa;	at com.kms.katalon.core.webui.keyword.WebUiBuiltInKeywords.click(WebUiBuiltInKeywords.groovy:659)&#xa;	at com.kms.katalon.core.webui.keyword.WebUiBuiltInKeywords$click$1.call(Unknown Source)&#xa;	at Login testops.run(Login testops:36)&#xa;	at com.kms.katalon.core.main.ScriptEngine.run(ScriptEngine.java:194)&#xa;	at com.kms.katalon.core.main.ScriptEngine.runScriptAsRawText(ScriptEngine.java:119)&#xa;	at com.kms.katalon.core.main.TestCaseExecutor.runScript(TestCaseExecutor.java:448)&#xa;	at com.kms.katalon.core.main.TestCaseExecutor.doExecute(TestCaseExecutor.java:439)&#xa;	at com.kms.katalon.core.main.TestCaseExecutor.processExecutionPhase(TestCaseExecutor.java:418)&#xa;	at com.kms.katalon.core.main.TestCaseExecutor.accessMainPhase(TestCaseExecutor.java:410)&#xa;	at com.kms.katalon.core.main.TestCaseExecutor.execute(TestCaseExecutor.java:285)&#xa;	at com.kms.katalon.core.common.CommonExecutor.accessTestCaseMainPhase(CommonExecutor.java:65)&#xa;	at com.kms.katalon.core.main.TestSuiteExecutor.accessTestSuiteMainPhase(TestSuiteExecutor.java:148)&#xa;	at com.kms.katalon.core.main.TestSuiteExecutor.execute(TestSuiteExecutor.java:106)&#xa;	at com.kms.katalon.core.main.TestCaseMain.startTestSuite(TestCaseMain.java:180)&#xa;	at com.kms.katalon.core.main.TestCaseMain$startTestSuite$0.call(Unknown Source)&#xa;	at TempTestSuite1709608481936.run(TempTestSuite1709608481936.groovy:36)&#xa;	at java.base/jdk.internal.reflect.NativeMethodAccessorImpl.invoke0(Native Method)&#xa;	at java.base/jdk.internal.reflect.NativeMethodAccessorImpl.invoke(NativeMethodAccessorImpl.java:77)&#xa;	at java.base/jdk.internal.reflect.DelegatingMethodAccessorImpl.invoke(DelegatingMethodAccessorImpl.java:43)&#xa;Caused by: com.kms.katalon.core.webui.exception.WebElementNotFoundException: Web element with id: 'Object Repository/Page_Sign in  Katalon Software Quality Mana_cfddb7/input_Log in with email_login' located by '//input[@id='btn_log_in']' not found&#xa;	at com.kms.katalon.core.webui.common.WebUiCommonHelper.findWebElement(WebUiCommonHelper.java:1379)&#xa;	at com.kms.katalon.core.webui.keyword.internal.WebUIAbstractKeyword.findWebElement(WebUIAbstractKeyword.groovy:27)&#xa;	at com.kms.katalon.core.webui.keyword.builtin.ClickKeyword$_click_closure1.doCall(ClickKeyword.groovy:65)&#xa;	at com.kms.katalon.core.webui.keyword.builtin.ClickKeyword$_click_closure1.call(ClickKeyword.groovy)&#xa;	at com.kms.katalon.core.webui.keyword.internal.WebUIKeywordMain.runKeyword(WebUIKeywordMain.groovy:20)&#xa;	... 22 more&#xa;"/>
         <system-out><![CDATA[05-03-2024T10:14:48 - [TEST_CASE][FAILED] - Test Cases/Login testops: Test Cases/Login testops FAILED.
Reason:
com.kms.katalon.core.exception.StepFailedException: Unable to click on object 'Object Repository/Page_Sign in  Katalon Software Quality Mana_cfddb7/input_Log in with email_login'
	at com.kms.katalon.core.webui.keyword.internal.WebUIKeywordMain.stepFailed(WebUIKeywordMain.groovy:64)
	at com.kms.katalon.core.webui.keyword.internal.WebUIKeywordMain.runKeyword(WebUIKeywordMain.groovy:26)
	at com.kms.katalon.core.webui.keyword.builtin.ClickKeyword.click(ClickKeyword.groovy:74)
	at com.kms.katalon.core.webui.keyword.builtin.ClickKeyword.execute(ClickKeyword.groovy:40)
	at com.kms.katalon.core.keyword.internal.KeywordExecutor.executeKeywordForPlatform(KeywordExecutor.groovy:74)
	at com.kms.katalon.core.webui.keyword.WebUiBuiltInKeywords.click(WebUiBuiltInKeywords.groovy:659)
	at com.kms.katalon.core.webui.keyword.WebUiBuiltInKeywords$click$1.call(Unknown Source)
	at Login testops.run(Login testops:36)
	at com.kms.katalon.core.main.ScriptEngine.run(ScriptEngine.java:194)
	at com.kms.katalon.core.main.ScriptEngine.runScriptAsRawText(ScriptEngine.java:119)
	at com.kms.katalon.core.main.TestCaseExecutor.runScript(TestCaseExecutor.java:448)
	at com.kms.katalon.core.main.TestCaseExecutor.doExecute(TestCaseExecutor.java:439)
	at com.kms.katalon.core.main.TestCaseExecutor.processExecutionPhase(TestCaseExecutor.java:418)
	at com.kms.katalon.core.main.TestCaseExecutor.accessMainPhase(TestCaseExecutor.java:410)
	at com.kms.katalon.core.main.TestCaseExecutor.execute(TestCaseExecutor.java:285)
	at com.kms.katalon.core.common.CommonExecutor.accessTestCaseMainPhase(CommonExecutor.java:65)
	at com.kms.katalon.core.main.TestSuiteExecutor.accessTestSuiteMainPhase(TestSuiteExecutor.java:148)
	at com.kms.katalon.core.main.TestSuiteExecutor.execute(TestSuiteExecutor.java:106)
	at com.kms.katalon.core.main.TestCaseMain.startTestSuite(TestCaseMain.java:180)
	at com.kms.katalon.core.main.TestCaseMain$startTestSuite$0.call(Unknown Source)
	at TempTestSuite1709608481936.run(TempTestSuite1709608481936.groovy:36)
	at java.base/jdk.internal.reflect.NativeMethodAccessorImpl.invoke0(Native Method)
	at java.base/jdk.internal.reflect.NativeMethodAccessorImpl.invoke(NativeMethodAccessorImpl.java:77)
	at java.base/jdk.internal.reflect.DelegatingMethodAccessorImpl.invoke(DelegatingMethodAccessorImpl.java:43)
Caused by: com.kms.katalon.core.webui.exception.WebElementNotFoundException: Web element with id: 'Object Repository/Page_Sign in  Katalon Software Quality Mana_cfddb7/input_Log in with email_login' located by '//input[@id='btn_log_in']' not found
	at com.kms.katalon.core.webui.common.WebUiCommonHelper.findWebElement(WebUiCommonHelper.java:1379)
	at com.kms.katalon.core.webui.keyword.internal.WebUIAbstractKeyword.findWebElement(WebUIAbstractKeyword.groovy:27)
	at com.kms.katalon.core.webui.keyword.builtin.ClickKeyword$_click_closure1.doCall(ClickKeyword.groovy:65)
	at com.kms.katalon.core.webui.keyword.builtin.ClickKeyword$_click_closure1.call(ClickKeyword.groovy)
	at com.kms.katalon.core.webui.keyword.internal.WebUIKeywordMain.runKeyword(WebUIKeywordMain.groovy:20)
	... 22 more


05-03-2024T10:14:49 - [TEST_STEP][PASSED] - openBrowser(""): Browser is opened with url: ''

05-03-2024T10:14:49 - [MESSAGE][INFO] - Starting 'Chrome (headless)' driver

05-03-2024T10:14:49 - [MESSAGE][INFO] - Action delay is set to 0 milliseconds

05-03-2024T10:14:54 - [MESSAGE][PASSED] - Browser is opened with url: ''

05-03-2024T10:14:54 - [TEST_STEP][PASSED] - navigateToUrl("https://testops.katalon.io/"): Navigate to 'https://testops.katalon.io/' successfully

05-03-2024T10:15:03 - [MESSAGE][PASSED] - Navigate to 'https://testops.katalon.io/' successfully

05-03-2024T10:15:03 - [TEST_STEP][PASSED] - click(findTestObject("Object Repository/Page_Sign in  Katalon Software Quality Mana_cfddb7/div_Continue with email")): Object: 'Object Repository/Page_Sign in  Katalon Software Quality Mana_cfddb7/div_Continue with email' is clicked on

05-03-2024T10:15:11 - [MESSAGE][PASSED] - Object: 'Object Repository/Page_Sign in  Katalon Software Quality Mana_cfddb7/div_Continue with email' is clicked on

05-03-2024T10:15:11 - [TEST_STEP][PASSED] - setText(findTestObject("Object Repository/Page_Sign in  Katalon Software Quality Mana_cfddb7/input_Log in with email_username"), "kataloniglo@gmail.com"): Text 'kataloniglo@gmail.com' is set on object 'Object Repository/Page_Sign in  Katalon Software Quality Mana_cfddb7/input_Log in with email_username'

05-03-2024T10:15:11 - [MESSAGE][PASSED] - Text 'kataloniglo@gmail.com' is set on object 'Object Repository/Page_Sign in  Katalon Software Quality Mana_cfddb7/input_Log in with email_username'

05-03-2024T10:15:11 - [TEST_STEP][PASSED] - click(findTestObject("Object Repository/Page_Sign in  Katalon Software Quality Mana_cfddb7/form_Log in with email_form_sign_up")): Object: 'Object Repository/Page_Sign in  Katalon Software Quality Mana_cfddb7/form_Log in with email_form_sign_up' is clicked on

05-03-2024T10:15:43 - [MESSAGE][INFO] - Unable to find the element located by 'By.xpath: //form[@action='/realms/katalon/login-actions/authenticate?session_code=5mWnkJVfff73p29N97EuqBQ38bCY70JOYHhJgvt2NMw&execution=3204b668-2197-4dee-9fd7-ce04ebb5dec1&client_id=katalon-testops&tab_id=ll90ZJy_C5I']'. Please recheck the objects properties to make sure the desired element is located. 

05-03-2024T10:15:43 - [MESSAGE][WARNING] - [SELF-HEALING] Failed to find element with id 'Object Repository/Page_Sign in  Katalon Software Quality Mana_cfddb7/form_Log in with email_form_sign_up'. Try using Self-healing.

05-03-2024T10:15:43 - [MESSAGE][INFO] - [SELF-HEALING] Failed Locator: '//form[@action='/realms/katalon/login-actions/authenticate?session_code=5mWnkJVfff73p29N97EuqBQ38bCY70JOYHhJgvt2NMw&execution=3204b668-2197-4dee-9fd7-ce04ebb5dec1&client_id=katalon-testops&tab_id=ll90ZJy_C5I']'.

05-03-2024T10:15:43 - [MESSAGE][INFO] - [SELF-HEALING] Working Locator: '//div[@id='kc-content-wrapper']/div/div[2]/div/div/div[2]/div[2]/form'.

05-03-2024T10:15:43 - [MESSAGE][INFO] - [SELF-HEALING] Screenshot: C:/Users/1878/OneDrive/Desktop/LIST PROJECT KATALON/Project_IDX/idx_web/idx_prj_web/Reports/Self-healing/Object Repository/Page_Sign in  Katalon Software Quality Mana_cfddb7/form_Log in with email_form_sign_up_idRelative.png

05-03-2024T10:15:43 - [MESSAGE][WARNING] - [SELF-HEALING] The current locator of test object 'Object Repository/Page_Sign in  Katalon Software Quality Mana_cfddb7/form_Log in with email_form_sign_up' was broken. Propose an alternative one: '//div[@id='kc-content-wrapper']/div/div[2]/div/div/div[2]/div[2]/form'.

05-03-2024T10:15:43 - [MESSAGE][PASSED] - Object: 'Object Repository/Page_Sign in  Katalon Software Quality Mana_cfddb7/form_Log in with email_form_sign_up' is clicked on

05-03-2024T10:15:43 - [TEST_STEP][PASSED] - setEncryptedText(findTestObject("Object Repository/Page_Sign in  Katalon Software Quality Mana_cfddb7/input_Log in with email_password"), "1uQHKmaGceAjclSD1WUvrw=="): Text ****** has been set on object 'Object Repository/Page_Sign in  Katalon Software Quality Mana_cfddb7/input_Log in with email_password'

05-03-2024T10:15:43 - [MESSAGE][PASSED] - Text ****** has been set on object 'Object Repository/Page_Sign in  Katalon Software Quality Mana_cfddb7/input_Log in with email_password'

05-03-2024T10:15:43 - [TEST_STEP][PASSED] - click(findTestObject("Object Repository/Page_Sign in  Katalon Software Quality Mana_cfddb7/input_Log in with email_login")): Object: 'Object Repository/Page_Sign in  Katalon Software Quality Mana_cfddb7/input_Log in with email_login' is clicked on

05-03-2024T10:15:47 - [MESSAGE][PASSED] - Object: 'Object Repository/Page_Sign in  Katalon Software Quality Mana_cfddb7/input_Log in with email_login' is clicked on

05-03-2024T10:15:47 - [TEST_STEP][FAILED] - click(findTestObject("Object Repository/Page_Sign in  Katalon Software Quality Mana_cfddb7/input_Log in with email_login")): Unable to click on object 'Object Repository/Page_Sign in  Katalon Software Quality Mana_cfddb7/input_Log in with email_login' (Root cause: com.kms.katalon.core.exception.StepFailedException: Unable to click on object 'Object Repository/Page_Sign in  Katalon Software Quality Mana_cfddb7/input_Log in with email_login'
	at com.kms.katalon.core.webui.keyword.internal.WebUIKeywordMain.stepFailed(WebUIKeywordMain.groovy:64)
	at com.kms.katalon.core.webui.keyword.internal.WebUIKeywordMain.runKeyword(WebUIKeywordMain.groovy:26)
	at com.kms.katalon.core.webui.keyword.builtin.ClickKeyword.click(ClickKeyword.groovy:74)
	at com.kms.katalon.core.webui.keyword.builtin.ClickKeyword.execute(ClickKeyword.groovy:40)
	at com.kms.katalon.core.keyword.internal.KeywordExecutor.executeKeywordForPlatform(KeywordExecutor.groovy:74)
	at com.kms.katalon.core.webui.keyword.WebUiBuiltInKeywords.click(WebUiBuiltInKeywords.groovy:659)
	at com.kms.katalon.core.webui.keyword.WebUiBuiltInKeywords$click$1.call(Unknown Source)
	at Login testops.run(Login testops:36)
	at com.kms.katalon.core.main.ScriptEngine.run(ScriptEngine.java:194)
	at com.kms.katalon.core.main.ScriptEngine.runScriptAsRawText(ScriptEngine.java:119)
	at com.kms.katalon.core.main.TestCaseExecutor.runScript(TestCaseExecutor.java:448)
	at com.kms.katalon.core.main.TestCaseExecutor.doExecute(TestCaseExecutor.java:439)
	at com.kms.katalon.core.main.TestCaseExecutor.processExecutionPhase(TestCaseExecutor.java:418)
	at com.kms.katalon.core.main.TestCaseExecutor.accessMainPhase(TestCaseExecutor.java:410)
	at com.kms.katalon.core.main.TestCaseExecutor.execute(TestCaseExecutor.java:285)
	at com.kms.katalon.core.common.CommonExecutor.accessTestCaseMainPhase(CommonExecutor.java:65)
	at com.kms.katalon.core.main.TestSuiteExecutor.accessTestSuiteMainPhase(TestSuiteExecutor.java:148)
	at com.kms.katalon.core.main.TestSuiteExecutor.execute(TestSuiteExecutor.java:106)
	at com.kms.katalon.core.main.TestCaseMain.startTestSuite(TestCaseMain.java:180)
	at com.kms.katalon.core.main.TestCaseMain$startTestSuite$0.call(Unknown Source)
	at TempTestSuite1709608481936.run(TempTestSuite1709608481936.groovy:36)
	at java.base/jdk.internal.reflect.NativeMethodAccessorImpl.invoke0(Native Method)
	at java.base/jdk.internal.reflect.NativeMethodAccessorImpl.invoke(NativeMethodAccessorImpl.java:77)
	at java.base/jdk.internal.reflect.DelegatingMethodAccessorImpl.invoke(DelegatingMethodAccessorImpl.java:43)
Caused by: com.kms.katalon.core.webui.exception.WebElementNotFoundException: Web element with id: 'Object Repository/Page_Sign in  Katalon Software Quality Mana_cfddb7/input_Log in with email_login' located by '//input[@id='btn_log_in']' not found
	at com.kms.katalon.core.webui.common.WebUiCommonHelper.findWebElement(WebUiCommonHelper.java:1379)
	at com.kms.katalon.core.webui.keyword.internal.WebUIAbstractKeyword.findWebElement(WebUIAbstractKeyword.groovy:27)
	at com.kms.katalon.core.webui.keyword.builtin.ClickKeyword$_click_closure1.doCall(ClickKeyword.groovy:65)
	at com.kms.katalon.core.webui.keyword.builtin.ClickKeyword$_click_closure1.call(ClickKeyword.groovy)
	at com.kms.katalon.core.webui.keyword.internal.WebUIKeywordMain.runKeyword(WebUIKeywordMain.groovy:20)
	at com.kms.katalon.core.webui.keyword.builtin.ClickKeyword.click(ClickKeyword.groovy:74)
	at com.kms.katalon.core.webui.keyword.builtin.ClickKeyword.execute(ClickKeyword.groovy:40)
	at com.kms.katalon.core.keyword.internal.KeywordExecutor.executeKeywordForPlatform(KeywordExecutor.groovy:74)
	at com.kms.katalon.core.webui.keyword.WebUiBuiltInKeywords.click(WebUiBuiltInKeywords.groovy:659)
	at com.kms.katalon.core.webui.keyword.WebUiBuiltInKeywords$click$1.call(Unknown Source)
	at Script1709545558435.run(Script1709545558435.groovy:36)
	... 16 more
)

05-03-2024T10:16:18 - [MESSAGE][INFO] - Unable to find the element located by 'By.xpath: //input[@id='btn_log_in']'. Please recheck the objects properties to make sure the desired element is located. 

05-03-2024T10:16:18 - [MESSAGE][WARNING] - [SELF-HEALING] Failed to find element with id 'Object Repository/Page_Sign in  Katalon Software Quality Mana_cfddb7/input_Log in with email_login'. Try using Self-healing.

05-03-2024T10:16:18 - [MESSAGE][INFO] - [SELF-HEALING] Failed Locator: '//input[@id='btn_log_in']'.

05-03-2024T10:16:19 - [MESSAGE][INFO] - [SELF-HEALING] Failed Locator: '//div[@id='kc-content-wrapper']/div/div[2]/div/div/div[2]/div[2]/form/input'.

05-03-2024T10:16:19 - [MESSAGE][INFO] - [SELF-HEALING] Failed Locator: '//form/input'.

05-03-2024T10:16:19 - [MESSAGE][INFO] - [SELF-HEALING] Failed Locator: '//input[@name = 'login' and @type = 'submit' and @id = 'btn_log_in']'.

05-03-2024T10:16:19 - [MESSAGE][INFO] - [SELF-HEALING] Failed Locator: '//input[@id='btn_log_in']'.

05-03-2024T10:16:19 - [MESSAGE][INFO] - [SELF-HEALING] Failed Locator: '//div[@id='kc-content-wrapper']/div/div[2]/div/div/div[2]/div[2]/form/input'.

05-03-2024T10:16:19 - [MESSAGE][INFO] - [SELF-HEALING] Failed Locator: '//form/input'.

05-03-2024T10:16:19 - [MESSAGE][INFO] - [SELF-HEALING] Failed Locator: '//input[@name = 'login' and @type = 'submit' and @id = 'btn_log_in']'.

05-03-2024T10:16:19 - [MESSAGE][INFO] - [SELF-HEALING] Failed Locator: '//input[@id='btn_log_in']'.

05-03-2024T10:16:19 - [MESSAGE][INFO] - [SELF-HEALING] Failed Locator: '//div[@id='kc-content-wrapper']/div/div[2]/div/div/div[2]/div[2]/form/input'.

05-03-2024T10:16:19 - [MESSAGE][INFO] - [SELF-HEALING] Failed Locator: '//form/input'.

05-03-2024T10:16:19 - [MESSAGE][INFO] - [SELF-HEALING] Failed Locator: '//input[@name = 'login' and @type = 'submit' and @id = 'btn_log_in']'.

05-03-2024T10:16:19 - [MESSAGE][INFO] - [SELF-HEALING] Failed Locator: '//input[@id='btn_log_in']'.

05-03-2024T10:16:19 - [MESSAGE][INFO] - [SELF-HEALING] Failed Locator: '//div[@id='kc-content-wrapper']/div/div[2]/div/div/div[2]/div[2]/form/input'.

05-03-2024T10:16:19 - [MESSAGE][INFO] - [SELF-HEALING] Failed Locator: '//form/input'.

05-03-2024T10:16:19 - [MESSAGE][INFO] - [SELF-HEALING] Failed Locator: '//input[@name = 'login' and @type = 'submit' and @id = 'btn_log_in']'.

05-03-2024T10:16:19 - [MESSAGE][INFO] - [SELF-HEALING] Failed Locator: '//input[@id='btn_log_in']'.

05-03-2024T10:16:19 - [MESSAGE][INFO] - [SELF-HEALING] Failed Locator: '//div[@id='kc-content-wrapper']/div/div[2]/div/div/div[2]/div[2]/form/input'.

05-03-2024T10:16:19 - [MESSAGE][INFO] - [SELF-HEALING] Failed Locator: '//form/input'.

05-03-2024T10:16:19 - [MESSAGE][INFO] - [SELF-HEALING] Failed Locator: '//input[@name = 'login' and @type = 'submit' and @id = 'btn_log_in']'.

05-03-2024T10:16:19 - [MESSAGE][INFO] - [SELF-HEALING] Failed Locator: '//input[@id='btn_log_in']'.

05-03-2024T10:16:19 - [MESSAGE][INFO] - [SELF-HEALING] Failed Locator: '//div[@id='kc-content-wrapper']/div/div[2]/div/div/div[2]/div[2]/form/input'.

05-03-2024T10:16:19 - [MESSAGE][INFO] - [SELF-HEALING] Failed Locator: '//form/input'.

05-03-2024T10:16:19 - [MESSAGE][INFO] - [SELF-HEALING] Failed Locator: '//input[@name = 'login' and @type = 'submit' and @id = 'btn_log_in']'.

05-03-2024T10:16:19 - [MESSAGE][INFO] - [SELF-HEALING] Failed Locator: '//input[@id='btn_log_in']'.

05-03-2024T10:16:19 - [MESSAGE][INFO] - [SELF-HEALING] Failed Locator: '//div[@id='kc-content-wrapper']/div/div[2]/div/div/div[2]/div[2]/form/input'.

05-03-2024T10:16:19 - [MESSAGE][INFO] - [SELF-HEALING] Failed Locator: '//form/input'.

05-03-2024T10:16:19 - [MESSAGE][INFO] - [SELF-HEALING] Failed Locator: '//input[@name = 'login' and @type = 'submit' and @id = 'btn_log_in']'.

05-03-2024T10:16:19 - [MESSAGE][INFO] - [SELF-HEALING] Failed Locator: '//input[@id='btn_log_in']'.

05-03-2024T10:16:19 - [MESSAGE][INFO] - [SELF-HEALING] Failed Locator: '//div[@id='kc-content-wrapper']/div/div[2]/div/div/div[2]/div[2]/form/input'.

05-03-2024T10:16:19 - [MESSAGE][INFO] - [SELF-HEALING] Failed Locator: '//form/input'.

05-03-2024T10:16:19 - [MESSAGE][INFO] - [SELF-HEALING] Failed Locator: '//input[@name = 'login' and @type = 'submit' and @id = 'btn_log_in']'.

05-03-2024T10:16:19 - [MESSAGE][INFO] - [SELF-HEALING] Failed Locator: '//input[@id='btn_log_in']'.

05-03-2024T10:16:19 - [MESSAGE][INFO] - [SELF-HEALING] Failed Locator: '//div[@id='kc-content-wrapper']/div/div[2]/div/div/div[2]/div[2]/form/input'.

05-03-2024T10:16:19 - [MESSAGE][INFO] - [SELF-HEALING] Failed Locator: '//form/input'.

05-03-2024T10:16:19 - [MESSAGE][INFO] - [SELF-HEALING] Failed Locator: '//input[@name = 'login' and @type = 'submit' and @id = 'btn_log_in']'.

05-03-2024T10:16:20 - [MESSAGE][INFO] - Unable to find the element located by 'By.xpath: //*[@name = 'login' and @type = 'submit' and @id = 'btn_log_in']'. Please recheck the objects properties to make sure the desired element is located. 

05-03-2024T10:16:22 - [MESSAGE][INFO] - Unable to find the element located by 'By.cssSelector: #btn_log_in'. Please recheck the objects properties to make sure the desired element is located. 

05-03-2024T10:16:22 - [MESSAGE][FAILED] - Unable to click on object 'Object Repository/Page_Sign in  Katalon Software Quality Mana_cfddb7/input_Log in with email_login' (Root cause: com.kms.katalon.core.exception.StepFailedException: Unable to click on object 'Object Repository/Page_Sign in  Katalon Software Quality Mana_cfddb7/input_Log in with email_login'
	at com.kms.katalon.core.webui.keyword.internal.WebUIKeywordMain.stepFailed(WebUIKeywordMain.groovy:64)
	at com.kms.katalon.core.webui.keyword.internal.WebUIKeywordMain.runKeyword(WebUIKeywordMain.groovy:26)
	at com.kms.katalon.core.webui.keyword.builtin.ClickKeyword.click(ClickKeyword.groovy:74)
	at com.kms.katalon.core.webui.keyword.builtin.ClickKeyword.execute(ClickKeyword.groovy:40)
	at com.kms.katalon.core.keyword.internal.KeywordExecutor.executeKeywordForPlatform(KeywordExecutor.groovy:74)
	at com.kms.katalon.core.webui.keyword.WebUiBuiltInKeywords.click(WebUiBuiltInKeywords.groovy:659)
	at com.kms.katalon.core.webui.keyword.WebUiBuiltInKeywords$click$1.call(Unknown Source)
	at Login testops.run(Login testops:36)
	at com.kms.katalon.core.main.ScriptEngine.run(ScriptEngine.java:194)
	at com.kms.katalon.core.main.ScriptEngine.runScriptAsRawText(ScriptEngine.java:119)
	at com.kms.katalon.core.main.TestCaseExecutor.runScript(TestCaseExecutor.java:448)
	at com.kms.katalon.core.main.TestCaseExecutor.doExecute(TestCaseExecutor.java:439)
	at com.kms.katalon.core.main.TestCaseExecutor.processExecutionPhase(TestCaseExecutor.java:418)
	at com.kms.katalon.core.main.TestCaseExecutor.accessMainPhase(TestCaseExecutor.java:410)
	at com.kms.katalon.core.main.TestCaseExecutor.execute(TestCaseExecutor.java:285)
	at com.kms.katalon.core.common.CommonExecutor.accessTestCaseMainPhase(CommonExecutor.java:65)
	at com.kms.katalon.core.main.TestSuiteExecutor.accessTestSuiteMainPhase(TestSuiteExecutor.java:148)
	at com.kms.katalon.core.main.TestSuiteExecutor.execute(TestSuiteExecutor.java:106)
	at com.kms.katalon.core.main.TestCaseMain.startTestSuite(TestCaseMain.java:180)
	at com.kms.katalon.core.main.TestCaseMain$startTestSuite$0.call(Unknown Source)
	at TempTestSuite1709608481936.run(TempTestSuite1709608481936.groovy:36)
	at java.base/jdk.internal.reflect.NativeMethodAccessorImpl.invoke0(Native Method)
	at java.base/jdk.internal.reflect.NativeMethodAccessorImpl.invoke(NativeMethodAccessorImpl.java:77)
	at java.base/jdk.internal.reflect.DelegatingMethodAccessorImpl.invoke(DelegatingMethodAccessorImpl.java:43)
Caused by: com.kms.katalon.core.webui.exception.WebElementNotFoundException: Web element with id: 'Object Repository/Page_Sign in  Katalon Software Quality Mana_cfddb7/input_Log in with email_login' located by '//input[@id='btn_log_in']' not found
	at com.kms.katalon.core.webui.common.WebUiCommonHelper.findWebElement(WebUiCommonHelper.java:1379)
	at com.kms.katalon.core.webui.keyword.internal.WebUIAbstractKeyword.findWebElement(WebUIAbstractKeyword.groovy:27)
	at com.kms.katalon.core.webui.keyword.builtin.ClickKeyword$_click_closure1.doCall(ClickKeyword.groovy:65)
	at com.kms.katalon.core.webui.keyword.builtin.ClickKeyword$_click_closure1.call(ClickKeyword.groovy)
	at com.kms.katalon.core.webui.keyword.internal.WebUIKeywordMain.runKeyword(WebUIKeywordMain.groovy:20)
	at com.kms.katalon.core.webui.keyword.builtin.ClickKeyword.click(ClickKeyword.groovy:74)
	at com.kms.katalon.core.webui.keyword.builtin.ClickKeyword.execute(ClickKeyword.groovy:40)
	at com.kms.katalon.core.keyword.internal.KeywordExecutor.executeKeywordForPlatform(KeywordExecutor.groovy:74)
	at com.kms.katalon.core.webui.keyword.WebUiBuiltInKeywords.click(WebUiBuiltInKeywords.groovy:659)
	at com.kms.katalon.core.webui.keyword.WebUiBuiltInKeywords$click$1.call(Unknown Source)
	at Script1709545558435.run(Script1709545558435.groovy:36)
	... 16 more
)
[[ATTACHMENT|C:\\Users\\1878\\OneDrive\\Desktop\\LIST PROJECT KATALON\\Project_IDX\\idx_web\\idx_prj_web\\Reports\\20240305_101240\\TS_login_testops\\20240305_101441\\1709608582016.png]]]]></system-out>
         <system-err><![CDATA[05-03-2024T10:14:48 - [TEST_CASE][FAILED] - Test Cases/Login testops: Test Cases/Login testops FAILED.
Reason:
com.kms.katalon.core.exception.StepFailedException: Unable to click on object 'Object Repository/Page_Sign in  Katalon Software Quality Mana_cfddb7/input_Log in with email_login'
	at com.kms.katalon.core.webui.keyword.internal.WebUIKeywordMain.stepFailed(WebUIKeywordMain.groovy:64)
	at com.kms.katalon.core.webui.keyword.internal.WebUIKeywordMain.runKeyword(WebUIKeywordMain.groovy:26)
	at com.kms.katalon.core.webui.keyword.builtin.ClickKeyword.click(ClickKeyword.groovy:74)
	at com.kms.katalon.core.webui.keyword.builtin.ClickKeyword.execute(ClickKeyword.groovy:40)
	at com.kms.katalon.core.keyword.internal.KeywordExecutor.executeKeywordForPlatform(KeywordExecutor.groovy:74)
	at com.kms.katalon.core.webui.keyword.WebUiBuiltInKeywords.click(WebUiBuiltInKeywords.groovy:659)
	at com.kms.katalon.core.webui.keyword.WebUiBuiltInKeywords$click$1.call(Unknown Source)
	at Login testops.run(Login testops:36)
	at com.kms.katalon.core.main.ScriptEngine.run(ScriptEngine.java:194)
	at com.kms.katalon.core.main.ScriptEngine.runScriptAsRawText(ScriptEngine.java:119)
	at com.kms.katalon.core.main.TestCaseExecutor.runScript(TestCaseExecutor.java:448)
	at com.kms.katalon.core.main.TestCaseExecutor.doExecute(TestCaseExecutor.java:439)
	at com.kms.katalon.core.main.TestCaseExecutor.processExecutionPhase(TestCaseExecutor.java:418)
	at com.kms.katalon.core.main.TestCaseExecutor.accessMainPhase(TestCaseExecutor.java:410)
	at com.kms.katalon.core.main.TestCaseExecutor.execute(TestCaseExecutor.java:285)
	at com.kms.katalon.core.common.CommonExecutor.accessTestCaseMainPhase(CommonExecutor.java:65)
	at com.kms.katalon.core.main.TestSuiteExecutor.accessTestSuiteMainPhase(TestSuiteExecutor.java:148)
	at com.kms.katalon.core.main.TestSuiteExecutor.execute(TestSuiteExecutor.java:106)
	at com.kms.katalon.core.main.TestCaseMain.startTestSuite(TestCaseMain.java:180)
	at com.kms.katalon.core.main.TestCaseMain$startTestSuite$0.call(Unknown Source)
	at TempTestSuite1709608481936.run(TempTestSuite1709608481936.groovy:36)
	at java.base/jdk.internal.reflect.NativeMethodAccessorImpl.invoke0(Native Method)
	at java.base/jdk.internal.reflect.NativeMethodAccessorImpl.invoke(NativeMethodAccessorImpl.java:77)
	at java.base/jdk.internal.reflect.DelegatingMethodAccessorImpl.invoke(DelegatingMethodAccessorImpl.java:43)
Caused by: com.kms.katalon.core.webui.exception.WebElementNotFoundException: Web element with id: 'Object Repository/Page_Sign in  Katalon Software Quality Mana_cfddb7/input_Log in with email_login' located by '//input[@id='btn_log_in']' not found
	at com.kms.katalon.core.webui.common.WebUiCommonHelper.findWebElement(WebUiCommonHelper.java:1379)
	at com.kms.katalon.core.webui.keyword.internal.WebUIAbstractKeyword.findWebElement(WebUIAbstractKeyword.groovy:27)
	at com.kms.katalon.core.webui.keyword.builtin.ClickKeyword$_click_closure1.doCall(ClickKeyword.groovy:65)
	at com.kms.katalon.core.webui.keyword.builtin.ClickKeyword$_click_closure1.call(ClickKeyword.groovy)
	at com.kms.katalon.core.webui.keyword.internal.WebUIKeywordMain.runKeyword(WebUIKeywordMain.groovy:20)
	... 22 more]]></system-err>
      </testcase>
      <system-out><![CDATA[05-03-2024T10:14:48 - [TEST_SUITE][FAILED] - TS_login_testops: Test Cases/Login testops FAILED.
Reason:
com.kms.katalon.core.exception.StepFailedException: Unable to click on object 'Object Repository/Page_Sign in  Katalon Software Quality Mana_cfddb7/input_Log in with email_login'
	at com.kms.katalon.core.webui.keyword.internal.WebUIKeywordMain.stepFailed(WebUIKeywordMain.groovy:64)
	at com.kms.katalon.core.webui.keyword.internal.WebUIKeywordMain.runKeyword(WebUIKeywordMain.groovy:26)
	at com.kms.katalon.core.webui.keyword.builtin.ClickKeyword.click(ClickKeyword.groovy:74)
	at com.kms.katalon.core.webui.keyword.builtin.ClickKeyword.execute(ClickKeyword.groovy:40)
	at com.kms.katalon.core.keyword.internal.KeywordExecutor.executeKeywordForPlatform(KeywordExecutor.groovy:74)
	at com.kms.katalon.core.webui.keyword.WebUiBuiltInKeywords.click(WebUiBuiltInKeywords.groovy:659)
	at com.kms.katalon.core.webui.keyword.WebUiBuiltInKeywords$click$1.call(Unknown Source)
	at Login testops.run(Login testops:36)
	at com.kms.katalon.core.main.ScriptEngine.run(ScriptEngine.java:194)
	at com.kms.katalon.core.main.ScriptEngine.runScriptAsRawText(ScriptEngine.java:119)
	at com.kms.katalon.core.main.TestCaseExecutor.runScript(TestCaseExecutor.java:448)
	at com.kms.katalon.core.main.TestCaseExecutor.doExecute(TestCaseExecutor.java:439)
	at com.kms.katalon.core.main.TestCaseExecutor.processExecutionPhase(TestCaseExecutor.java:418)
	at com.kms.katalon.core.main.TestCaseExecutor.accessMainPhase(TestCaseExecutor.java:410)
	at com.kms.katalon.core.main.TestCaseExecutor.execute(TestCaseExecutor.java:285)
	at com.kms.katalon.core.common.CommonExecutor.accessTestCaseMainPhase(CommonExecutor.java:65)
	at com.kms.katalon.core.main.TestSuiteExecutor.accessTestSuiteMainPhase(TestSuiteExecutor.java:148)
	at com.kms.katalon.core.main.TestSuiteExecutor.execute(TestSuiteExecutor.java:106)
	at com.kms.katalon.core.main.TestCaseMain.startTestSuite(TestCaseMain.java:180)
	at com.kms.katalon.core.main.TestCaseMain$startTestSuite$0.call(Unknown Source)
	at TempTestSuite1709608481936.run(TempTestSuite1709608481936.groovy:36)
	at java.base/jdk.internal.reflect.NativeMethodAccessorImpl.invoke0(Native Method)
	at java.base/jdk.internal.reflect.NativeMethodAccessorImpl.invoke(NativeMethodAccessorImpl.java:77)
	at java.base/jdk.internal.reflect.DelegatingMethodAccessorImpl.invoke(DelegatingMethodAccessorImpl.java:43)
Caused by: com.kms.katalon.core.webui.exception.WebElementNotFoundException: Web element with id: 'Object Repository/Page_Sign in  Katalon Software Quality Mana_cfddb7/input_Log in with email_login' located by '//input[@id='btn_log_in']' not found
	at com.kms.katalon.core.webui.common.WebUiCommonHelper.findWebElement(WebUiCommonHelper.java:1379)
	at com.kms.katalon.core.webui.keyword.internal.WebUIAbstractKeyword.findWebElement(WebUIAbstractKeyword.groovy:27)
	at com.kms.katalon.core.webui.keyword.builtin.ClickKeyword$_click_closure1.doCall(ClickKeyword.groovy:65)
	at com.kms.katalon.core.webui.keyword.builtin.ClickKeyword$_click_closure1.call(ClickKeyword.groovy)
	at com.kms.katalon.core.webui.keyword.internal.WebUIKeywordMain.runKeyword(WebUIKeywordMain.groovy:20)
	... 22 more]]></system-out>
      <system-err><![CDATA[05-03-2024T10:14:48 - [TEST_SUITE][FAILED] - TS_login_testops: Test Cases/Login testops FAILED.
Reason:
com.kms.katalon.core.exception.StepFailedException: Unable to click on object 'Object Repository/Page_Sign in  Katalon Software Quality Mana_cfddb7/input_Log in with email_login'
	at com.kms.katalon.core.webui.keyword.internal.WebUIKeywordMain.stepFailed(WebUIKeywordMain.groovy:64)
	at com.kms.katalon.core.webui.keyword.internal.WebUIKeywordMain.runKeyword(WebUIKeywordMain.groovy:26)
	at com.kms.katalon.core.webui.keyword.builtin.ClickKeyword.click(ClickKeyword.groovy:74)
	at com.kms.katalon.core.webui.keyword.builtin.ClickKeyword.execute(ClickKeyword.groovy:40)
	at com.kms.katalon.core.keyword.internal.KeywordExecutor.executeKeywordForPlatform(KeywordExecutor.groovy:74)
	at com.kms.katalon.core.webui.keyword.WebUiBuiltInKeywords.click(WebUiBuiltInKeywords.groovy:659)
	at com.kms.katalon.core.webui.keyword.WebUiBuiltInKeywords$click$1.call(Unknown Source)
	at Login testops.run(Login testops:36)
	at com.kms.katalon.core.main.ScriptEngine.run(ScriptEngine.java:194)
	at com.kms.katalon.core.main.ScriptEngine.runScriptAsRawText(ScriptEngine.java:119)
	at com.kms.katalon.core.main.TestCaseExecutor.runScript(TestCaseExecutor.java:448)
	at com.kms.katalon.core.main.TestCaseExecutor.doExecute(TestCaseExecutor.java:439)
	at com.kms.katalon.core.main.TestCaseExecutor.processExecutionPhase(TestCaseExecutor.java:418)
	at com.kms.katalon.core.main.TestCaseExecutor.accessMainPhase(TestCaseExecutor.java:410)
	at com.kms.katalon.core.main.TestCaseExecutor.execute(TestCaseExecutor.java:285)
	at com.kms.katalon.core.common.CommonExecutor.accessTestCaseMainPhase(CommonExecutor.java:65)
	at com.kms.katalon.core.main.TestSuiteExecutor.accessTestSuiteMainPhase(TestSuiteExecutor.java:148)
	at com.kms.katalon.core.main.TestSuiteExecutor.execute(TestSuiteExecutor.java:106)
	at com.kms.katalon.core.main.TestCaseMain.startTestSuite(TestCaseMain.java:180)
	at com.kms.katalon.core.main.TestCaseMain$startTestSuite$0.call(Unknown Source)
	at TempTestSuite1709608481936.run(TempTestSuite1709608481936.groovy:36)
	at java.base/jdk.internal.reflect.NativeMethodAccessorImpl.invoke0(Native Method)
	at java.base/jdk.internal.reflect.NativeMethodAccessorImpl.invoke(NativeMethodAccessorImpl.java:77)
	at java.base/jdk.internal.reflect.DelegatingMethodAccessorImpl.invoke(DelegatingMethodAccessorImpl.java:43)
Caused by: com.kms.katalon.core.webui.exception.WebElementNotFoundException: Web element with id: 'Object Repository/Page_Sign in  Katalon Software Quality Mana_cfddb7/input_Log in with email_login' located by '//input[@id='btn_log_in']' not found
	at com.kms.katalon.core.webui.common.WebUiCommonHelper.findWebElement(WebUiCommonHelper.java:1379)
	at com.kms.katalon.core.webui.keyword.internal.WebUIAbstractKeyword.findWebElement(WebUIAbstractKeyword.groovy:27)
	at com.kms.katalon.core.webui.keyword.builtin.ClickKeyword$_click_closure1.doCall(ClickKeyword.groovy:65)
	at com.kms.katalon.core.webui.keyword.builtin.ClickKeyword$_click_closure1.call(ClickKeyword.groovy)
	at com.kms.katalon.core.webui.keyword.internal.WebUIKeywordMain.runKeyword(WebUIKeywordMain.groovy:20)
	... 22 more]]></system-err>
   </testsuite>
</testsuites>
